[INFO ] 2021-07-08 13:39:12.133 [Test worker] LoginTest - this infor
[INFO ] 2021-07-08 16:23:41.550 [Test worker] LogClass - ******************************* Starting test cases ****************************************
[INFO ] 2021-07-08 16:23:41.997 [Test worker] LogClass - launching the Chrome browser
[INFO ] 2021-07-08 16:23:43.027 [Test worker] LogClass - Navigate to url yatra 
[INFO ] 2021-07-08 16:24:03.854 [Test worker] LogClass - 
[INFO ] 2021-07-08 16:24:04.714 [Test worker] LogClass - Mouse hovering on my account menu
[INFO ] 2021-07-08 16:24:05.022 [Test worker] LogClass - Mouseover on sign in button menu
[INFO ] 2021-07-08 16:24:05.892 [Test worker] LogClass - Clicking on signIn Button
[INFO ] 2021-07-08 16:24:22.634 [Test worker] LogClass - Entering email id
[INFO ] 2021-07-08 16:24:23.072 [Test worker] LogClass - Clicking on continue button
[INFO ] 2021-07-08 16:24:23.893 [Test worker] LogClass - Entering password
[INFO ] 2021-07-08 16:24:24.829 [Test worker] LogClass - Clicking on Login button
[INFO ] 2021-07-08 16:24:25.319 [Test worker] LogClass - Mouse hovering on my account menu
[INFO ] 2021-07-08 16:24:25.622 [Test worker] LogClass - mouse hovering on logout sub menu
[INFO ] 2021-07-08 16:24:28.153 [Test worker] LogClass - Clicking on sub menu logout
[INFO ] 2021-07-08 16:24:30.734 [Test worker] LogClass - ******************************* End Test Cases ****************************************
[INFO ] 2021-07-08 18:09:37.217 [Test worker] LogClass - ******************************* Starting test cases ****************************************
[INFO ] 2021-07-08 18:09:39.861 [Test worker] LogClass - launching the Chrome browser
[INFO ] 2021-07-08 18:09:46.775 [Test worker] LogClass - Navigate to url yatra 
[INFO ] 2021-07-08 18:10:10.394 [Test worker] LogClass - Mouse hovering on my account menu
[INFO ] 2021-07-08 18:10:10.701 [Test worker] LogClass - Mouseover on sign in button menu
[INFO ] 2021-07-08 18:10:11.586 [Test worker] LogClass - Clicking on signIn Button
[INFO ] 2021-07-08 18:10:16.962 [Test worker] LogClass - Entering email id
[INFO ] 2021-07-08 18:10:17.703 [Test worker] LogClass - Clicking on continue button
[INFO ] 2021-07-08 18:10:18.575 [Test worker] LogClass - Entering password
[INFO ] 2021-07-08 18:10:19.545 [Test worker] LogClass - Clicking on Login button
[INFO ] 2021-07-08 18:10:20.092 [Test worker] LogClass - Mouse hovering on my account menu
[INFO ] 2021-07-08 18:10:20.396 [Test worker] LogClass - mouse hovering on logout sub menu
[INFO ] 2021-07-08 18:10:22.710 [Test worker] LogClass - Clicking on sub menu logout
[INFO ] 2021-07-08 18:10:25.891 [Test worker] LogClass - ******************************* End Test Cases ****************************************
[INFO ] 2021-07-08 18:16:35.172 [Test worker] LogClass - ******************************* Starting test cases ****************************************
[INFO ] 2021-07-08 18:16:35.811 [Test worker] LogClass - launching the Chrome browser
[INFO ] 2021-07-08 18:16:37.289 [Test worker] LogClass - Navigate to url yatra 
[INFO ] 2021-07-08 18:17:05.242 [Test worker] LogClass - Mouse hovering on my account menu
[INFO ] 2021-07-08 18:17:05.547 [Test worker] LogClass - Mouseover on sign in button menu
[INFO ] 2021-07-08 18:17:06.268 [Test worker] LogClass - Clicking on signIn Button
[INFO ] 2021-07-08 18:17:17.462 [Test worker] LogClass - Entering email id
[INFO ] 2021-07-08 18:17:17.989 [Test worker] LogClass - Clicking on continue button
[INFO ] 2021-07-08 18:17:18.835 [Test worker] LogClass - Entering password
[INFO ] 2021-07-08 18:17:19.768 [Test worker] LogClass - Clicking on Login button
[INFO ] 2021-07-08 18:17:20.396 [Test worker] LogClass - Mouse hovering on my account menu
[INFO ] 2021-07-08 18:17:20.697 [Test worker] LogClass - mouse hovering on logout sub menu
[INFO ] 2021-07-08 18:17:22.969 [Test worker] LogClass - Clicking on sub menu logout
[WARN ] 2021-07-08 18:17:26.753 [Test worker] LogClass - Test case Passed
[INFO ] 2021-07-08 18:17:26.768 [Test worker] LogClass - ******************************* End Test Cases ****************************************
[INFO ] 2021-07-08 18:22:07.983 [Test worker] LogClass - ******************************* Starting test cases ****************************************
[INFO ] 2021-07-08 18:22:08.697 [Test worker] LogClass - launching the Chrome browser
[INFO ] 2021-07-08 18:22:10.534 [Test worker] LogClass - Navigate to url yatra 
[INFO ] 2021-07-08 18:22:20.874 [Test worker] LogClass - Mouse hovering on my account menu
[INFO ] 2021-07-08 18:22:21.183 [Test worker] LogClass - Mouseover on sign in button menu
[INFO ] 2021-07-08 18:22:21.908 [Test worker] LogClass - Clicking on signIn Button
[INFO ] 2021-07-08 18:22:31.832 [Test worker] LogClass - Entering email id
[INFO ] 2021-07-08 18:22:32.368 [Test worker] LogClass - Clicking on continue button
[INFO ] 2021-07-08 18:22:33.229 [Test worker] LogClass - Entering password
[INFO ] 2021-07-08 18:22:34.183 [Test worker] LogClass - Clicking on Login button
[INFO ] 2021-07-08 18:22:34.695 [Test worker] LogClass - Mouse hovering on my account menu
[INFO ] 2021-07-08 18:22:34.995 [Test worker] LogClass - mouse hovering on logout sub menu
[INFO ] 2021-07-08 18:22:36.926 [Test worker] LogClass - Clicking on sub menu logout
[WARN ] 2021-07-08 18:22:38.751 [Test worker] LogClass - Test case take success screenshot in ITestlistner method
[INFO ] 2021-07-08 18:22:38.760 [Test worker] LogClass - ******************************* End Test Cases ****************************************
[INFO ] 2021-07-08 22:15:08.135 [Test worker] LogClass - ******************************* Starting test cases ****************************************
[INFO ] 2021-07-08 22:15:21.023 [Test worker] LogClass - launching the Chrome browser
[INFO ] 2021-07-08 22:15:23.587 [Test worker] LogClass - Navigate to url yatra 
[INFO ] 2021-07-08 22:15:52.381 [Test worker] LogClass - Mouse hovering on my account menu
[INFO ] 2021-07-08 22:15:52.688 [Test worker] LogClass - Mouseover on sign in button menu
[INFO ] 2021-07-08 22:15:53.495 [Test worker] LogClass - Clicking on signIn Button
[INFO ] 2021-07-08 22:15:58.212 [Test worker] LogClass - Entering email id
[INFO ] 2021-07-08 22:15:58.729 [Test worker] LogClass - Clicking on continue button
[INFO ] 2021-07-08 22:15:59.549 [Test worker] LogClass - Entering password
[INFO ] 2021-07-08 22:16:00.501 [Test worker] LogClass - Clicking on Login button
[INFO ] 2021-07-08 22:16:01.018 [Test worker] LogClass - Mouse hovering on my account menu
[INFO ] 2021-07-08 22:16:01.319 [Test worker] LogClass - mouse hovering on logout sub menu
[INFO ] 2021-07-08 22:16:02.989 [Test worker] LogClass - Clicking on sub menu logout
[INFO ] 2021-07-08 22:16:05.369 [Test worker] LogClass - LogInlogOutTestTest case take success screenshot in ITestlistner method
[INFO ] 2021-07-08 22:16:05.373 [Test worker] LogClass - ******************************* End Test Cases ****************************************
[INFO ] 2021-07-08 22:28:12.400 [Test worker] LogClass - ******************************* Starting test cases ****************************************
[INFO ] 2021-07-08 22:28:12.937 [Test worker] LogClass - launching the Chrome browser
[INFO ] 2021-07-08 22:28:13.968 [Test worker] LogClass - Navigate to url yatra 
[INFO ] 2021-07-08 22:29:41.861 [Test worker] LogClass - ******************************* Starting test cases ****************************************
[INFO ] 2021-07-08 22:29:42.431 [Test worker] LogClass - launching the Chrome browser
[INFO ] 2021-07-08 22:29:43.427 [Test worker] LogClass - Navigate to url yatra 
[INFO ] 2021-07-08 22:29:50.307 [Test worker] LogClass - Mouse hovering on my account menu
[INFO ] 2021-07-08 22:29:50.615 [Test worker] LogClass - Mouseover on sign in button menu
[INFO ] 2021-07-08 22:29:51.351 [Test worker] LogClass - Clicking on signIn Button
[INFO ] 2021-07-08 22:29:55.171 [Test worker] LogClass - Entering email id
[INFO ] 2021-07-08 22:29:55.765 [Test worker] LogClass - Clicking on continue button
[INFO ] 2021-07-08 22:29:56.612 [Test worker] LogClass - Entering password
[INFO ] 2021-07-08 22:29:57.599 [Test worker] LogClass - Clicking on Login button
[INFO ] 2021-07-08 22:29:57.682 [Test worker] LogClass - ******************************* End Test Cases ****************************************
[INFO ] 2021-07-08 22:32:00.656 [Test worker] LogClass - ******************************* Starting test cases ****************************************
[INFO ] 2021-07-08 22:32:01.181 [Test worker] LogClass - launching the Chrome browser
[INFO ] 2021-07-08 22:32:02.129 [Test worker] LogClass - Navigate to url yatra 
[INFO ] 2021-07-08 22:32:09.826 [Test worker] LogClass - Mouse hovering on my account menu
[INFO ] 2021-07-08 22:32:10.133 [Test worker] LogClass - Mouseover on sign in button menu
[INFO ] 2021-07-08 22:32:10.855 [Test worker] LogClass - Clicking on signIn Button
[INFO ] 2021-07-08 22:32:23.389 [Test worker] LogClass - Entering email id
[INFO ] 2021-07-08 22:32:23.841 [Test worker] LogClass - Clicking on continue button
[INFO ] 2021-07-08 22:32:24.654 [Test worker] LogClass - Entering password
[INFO ] 2021-07-08 22:32:25.621 [Test worker] LogClass - Clicking on Login button
[INFO ] 2021-07-08 22:32:26.129 [Test worker] LogClass - Mouse hovering on my account menu
[INFO ] 2021-07-08 22:32:26.430 [Test worker] LogClass - mouse hovering on logout sub menu
[INFO ] 2021-07-08 22:32:28.485 [Test worker] LogClass - Clicking on sub menu logout
[INFO ] 2021-07-08 22:32:30.269 [Test worker] LogClass - loginUsingDataProviderFromExcelFileTestTest case take success screenshot in ITestlistner method
[INFO ] 2021-07-08 22:32:30.674 [Test worker] LogClass - Mouse hovering on my account menu
[INFO ] 2021-07-08 22:32:30.975 [Test worker] LogClass - Mouseover on sign in button menu
[INFO ] 2021-07-08 22:32:31.680 [Test worker] LogClass - Clicking on signIn Button
[INFO ] 2021-07-08 22:32:38.160 [Test worker] LogClass - Entering email id
[INFO ] 2021-07-08 22:32:38.666 [Test worker] LogClass - Clicking on continue button
[INFO ] 2021-07-08 22:32:39.465 [Test worker] LogClass - Entering password
[INFO ] 2021-07-08 22:32:40.508 [Test worker] LogClass - Clicking on Login button
[INFO ] 2021-07-08 22:32:41.031 [Test worker] LogClass - Mouse hovering on my account menu
[INFO ] 2021-07-08 22:32:41.332 [Test worker] LogClass - mouse hovering on logout sub menu
[INFO ] 2021-07-08 22:32:43.572 [Test worker] LogClass - Clicking on sub menu logout
[INFO ] 2021-07-08 22:32:45.285 [Test worker] LogClass - loginUsingDataProviderFromExcelFileTestTest case take success screenshot in ITestlistner method
[INFO ] 2021-07-08 22:32:45.688 [Test worker] LogClass - Mouse hovering on my account menu
[INFO ] 2021-07-08 22:32:45.989 [Test worker] LogClass - Mouseover on sign in button menu
[INFO ] 2021-07-08 22:32:46.673 [Test worker] LogClass - Clicking on signIn Button
[INFO ] 2021-07-08 22:32:58.467 [Test worker] LogClass - Entering email id
[INFO ] 2021-07-08 22:32:58.933 [Test worker] LogClass - Clicking on continue button
[INFO ] 2021-07-08 22:32:59.762 [Test worker] LogClass - Entering password
[ERROR] 2021-07-08 22:33:00.393 [Test worker] LogClass - Test case take failed screenshot in Ilistner method
[INFO ] 2021-07-08 22:33:00.424 [Test worker] LogClass - ******************************* End Test Cases ****************************************
[INFO ] 2021-07-08 22:45:16.620 [Test worker] LogClass - ******************************* Starting test cases ****************************************
[INFO ] 2021-07-08 22:45:17.099 [Test worker] LogClass - launching the Chrome browser
[INFO ] 2021-07-08 22:45:18.328 [Test worker] LogClass - Navigate to url yatra 
[INFO ] 2021-07-08 22:45:58.644 [Test worker] LogClass - Mouse hovering on my account menu
[INFO ] 2021-07-08 22:45:58.948 [Test worker] LogClass - Mouseover on sign in button menu
[INFO ] 2021-07-08 22:45:59.737 [Test worker] LogClass - Clicking on signIn Button
[INFO ] 2021-07-08 22:46:03.792 [Test worker] LogClass - Entering email id
[INFO ] 2021-07-08 22:46:04.291 [Test worker] LogClass - Clicking on continue button
[INFO ] 2021-07-08 22:46:05.113 [Test worker] LogClass - Entering password
[INFO ] 2021-07-08 22:46:06.082 [Test worker] LogClass - Clicking on Login button
[INFO ] 2021-07-08 22:46:08.816 [Test worker] LogClass - Move mouse point to specific location
[INFO ] 2021-07-08 22:46:09.125 [Test worker] LogClass - Mouse press left click
[INFO ] 2021-07-08 22:46:09.326 [Test worker] LogClass - Mouse release left click and navigate to bar hotel home page
[INFO ] 2021-07-08 22:46:13.430 [Test worker] LogClass - menuBarIconTest :take success screenshot in ITestlistner method
[INFO ] 2021-07-08 22:46:13.434 [Test worker] LogClass - ******************************* End Test Cases ****************************************
[INFO ] 2021-07-08 22:53:39.331 [Test worker] LogClass - ******************************* Starting test cases ****************************************
[INFO ] 2021-07-08 22:53:39.860 [Test worker] LogClass - launching the Chrome browser
[INFO ] 2021-07-08 22:53:44.191 [Test worker] LogClass - Navigate to url yatra 
[INFO ] 2021-07-08 22:54:04.606 [Test worker] LogClass - Mouse hovering on my account menu
[INFO ] 2021-07-08 22:54:04.908 [Test worker] LogClass - Mouseover on sign in button menu
[INFO ] 2021-07-08 22:54:05.702 [Test worker] LogClass - Clicking on signIn Button
[INFO ] 2021-07-08 22:54:14.705 [Test worker] LogClass - Entering email id
[INFO ] 2021-07-08 22:54:15.236 [Test worker] LogClass - Clicking on continue button
[INFO ] 2021-07-08 22:54:16.075 [Test worker] LogClass - Entering password
[INFO ] 2021-07-08 22:54:17.079 [Test worker] LogClass - Clicking on Login button
[INFO ] 2021-07-08 22:54:17.673 [Test worker] LogClass - Mouse hovering on my account menu
[INFO ] 2021-07-08 22:54:17.985 [Test worker] LogClass - mouse hovering on logout sub menu
[INFO ] 2021-07-08 22:54:21.734 [Test worker] LogClass - Clicking on sub menu logout
[INFO ] 2021-07-08 22:54:26.437 [Test worker] LogClass - LogInlogOutTest :take success screenshot in ITestlistner method
[INFO ] 2021-07-08 22:54:26.441 [Test worker] LogClass - ******************************* End Test Cases ****************************************
